[2025-04-21 02:49:39,846] INFO [Controller id=0 epoch=2] Sending UpdateMetadata request to brokers HashSet() for 0 partitions (state.change.logger)
[2025-04-21 03:06:40,828] INFO [Controller id=0 epoch=3] Sending UpdateMetadata request to brokers HashSet(0) for 0 partitions (state.change.logger)
[2025-04-21 03:06:40,856] INFO [Controller id=0 epoch=3] Sending LeaderAndIsr request to broker 0 with 1 become-leader and 0 become-follower partitions (state.change.logger)
[2025-04-21 03:06:40,859] INFO [Controller id=0 epoch=3] Sending UpdateMetadata request to brokers HashSet(0) for 1 partitions (state.change.logger)
[2025-04-21 03:06:41,577] INFO [Broker id=0] Handling LeaderAndIsr request correlationId 1 from controller 0 for 1 partitions (state.change.logger)
[2025-04-21 03:06:41,591] INFO [Broker id=0] Stopped fetchers as part of LeaderAndIsr request correlationId 1 from controller 0 epoch 3 as part of the become-leader transition for 1 partitions (state.change.logger)
[2025-04-21 03:06:41,602] INFO [Broker id=0] Leader servicenow-product-offerings-0 with topic id Some(fagkXIdLTp2fQ5nm5F9HPA) starts at leader epoch 0 from offset 4 with partition epoch 0, high watermark 4, ISR [0], adding replicas [] and removing replicas [] . Previous leader None and previous leader epoch was -1. (state.change.logger)
[2025-04-21 03:06:41,613] INFO [Broker id=0] Finished LeaderAndIsr request in 41ms correlationId 1 from controller 0 for 1 partitions (state.change.logger)
[2025-04-21 03:06:41,620] INFO [Broker id=0] Add 1 partitions and deleted 0 partitions from metadata cache in response to UpdateMetadata request sent by controller 0 epoch 3 with correlation id 2 (state.change.logger)
[2025-04-21 03:14:49,109] INFO [Controller id=0 epoch=3] Sending UpdateMetadata request to brokers HashSet() for 0 partitions (state.change.logger)
[2025-04-21 11:13:26,566] INFO [Controller id=0 epoch=4] Sending UpdateMetadata request to brokers HashSet(0) for 0 partitions (state.change.logger)
[2025-04-21 11:13:26,613] INFO [Controller id=0 epoch=4] Sending LeaderAndIsr request to broker 0 with 1 become-leader and 0 become-follower partitions (state.change.logger)
[2025-04-21 11:13:26,616] INFO [Controller id=0 epoch=4] Sending UpdateMetadata request to brokers HashSet(0) for 1 partitions (state.change.logger)
[2025-04-21 11:13:27,180] INFO [Broker id=0] Handling LeaderAndIsr request correlationId 1 from controller 0 for 1 partitions (state.change.logger)
[2025-04-21 11:13:27,196] INFO [Broker id=0] Stopped fetchers as part of LeaderAndIsr request correlationId 1 from controller 0 epoch 4 as part of the become-leader transition for 1 partitions (state.change.logger)
[2025-04-21 11:13:27,213] INFO [Broker id=0] Leader servicenow-product-offerings-0 with topic id Some(fagkXIdLTp2fQ5nm5F9HPA) starts at leader epoch 0 from offset 4 with partition epoch 0, high watermark 4, ISR [0], adding replicas [] and removing replicas [] . Previous leader None and previous leader epoch was -1. (state.change.logger)
[2025-04-21 11:13:27,232] INFO [Broker id=0] Finished LeaderAndIsr request in 53ms correlationId 1 from controller 0 for 1 partitions (state.change.logger)
[2025-04-21 11:13:27,246] INFO [Broker id=0] Add 1 partitions and deleted 0 partitions from metadata cache in response to UpdateMetadata request sent by controller 0 epoch 4 with correlation id 2 (state.change.logger)
[2025-04-21 21:53:17,529] INFO [Controller id=0 epoch=5] Sending UpdateMetadata request to brokers HashSet(0) for 0 partitions (state.change.logger)
[2025-04-21 21:53:17,535] INFO [Controller id=0 epoch=5] Sending LeaderAndIsr request to broker 0 with 1 become-leader and 0 become-follower partitions (state.change.logger)
[2025-04-21 21:53:17,535] INFO [Controller id=0 epoch=5] Sending UpdateMetadata request to brokers HashSet(0) for 1 partitions (state.change.logger)
[2025-04-21 21:53:17,543] INFO [Broker id=0] Handling LeaderAndIsr request correlationId 1 from controller 0 for 1 partitions (state.change.logger)
[2025-04-21 21:53:17,564] INFO [Broker id=0] Ignoring LeaderAndIsr request from controller 0 with correlation id 1 epoch 5 for partition servicenow-product-offerings-0 since its associated leader epoch 0 matches the current leader epoch (state.change.logger)
[2025-04-21 21:53:17,566] INFO [Broker id=0] Finished LeaderAndIsr request in 25ms correlationId 1 from controller 0 for 1 partitions (state.change.logger)
[2025-04-21 21:53:17,571] INFO [Broker id=0] Add 1 partitions and deleted 0 partitions from metadata cache in response to UpdateMetadata request sent by controller 0 epoch 5 with correlation id 2 (state.change.logger)
[2025-04-21 21:53:22,484] INFO [Controller id=0 epoch=5] Sending UpdateMetadata request to brokers HashSet() for 0 partitions (state.change.logger)
[2025-04-21 21:54:05,222] INFO [Controller id=0 epoch=6] Sending UpdateMetadata request to brokers HashSet(0) for 0 partitions (state.change.logger)
[2025-04-21 21:54:05,247] INFO [Controller id=0 epoch=6] Sending LeaderAndIsr request to broker 0 with 1 become-leader and 0 become-follower partitions (state.change.logger)
[2025-04-21 21:54:05,249] INFO [Controller id=0 epoch=6] Sending UpdateMetadata request to brokers HashSet(0) for 1 partitions (state.change.logger)
[2025-04-21 21:54:05,799] INFO [Broker id=0] Handling LeaderAndIsr request correlationId 1 from controller 0 for 1 partitions (state.change.logger)
[2025-04-21 21:54:05,813] INFO [Broker id=0] Stopped fetchers as part of LeaderAndIsr request correlationId 1 from controller 0 epoch 6 as part of the become-leader transition for 1 partitions (state.change.logger)
[2025-04-21 21:54:05,830] INFO [Broker id=0] Leader servicenow-product-offerings-0 with topic id Some(fagkXIdLTp2fQ5nm5F9HPA) starts at leader epoch 0 from offset 18 with partition epoch 0, high watermark 18, ISR [0], adding replicas [] and removing replicas [] . Previous leader None and previous leader epoch was -1. (state.change.logger)
[2025-04-21 21:54:05,847] INFO [Broker id=0] Finished LeaderAndIsr request in 52ms correlationId 1 from controller 0 for 1 partitions (state.change.logger)
[2025-04-21 21:54:05,854] INFO [Broker id=0] Add 1 partitions and deleted 0 partitions from metadata cache in response to UpdateMetadata request sent by controller 0 epoch 6 with correlation id 2 (state.change.logger)
[2025-04-21 21:55:33,669] INFO [Controller id=0 epoch=6] Changed partition servicenow-product-specifications-0 state from NonExistentPartition to NewPartition with assigned replicas 0 (state.change.logger)
[2025-04-21 21:55:33,669] INFO [Controller id=0 epoch=6] Sending UpdateMetadata request to brokers HashSet() for 0 partitions (state.change.logger)
[2025-04-21 21:55:33,670] INFO [Controller id=0 epoch=6] Sending UpdateMetadata request to brokers HashSet() for 0 partitions (state.change.logger)
[2025-04-21 21:55:33,682] INFO [Controller id=0 epoch=6] Changed partition servicenow-product-specifications-0 from NewPartition to OnlinePartition with state LeaderAndIsr(leader=0, leaderEpoch=0, isrWithBrokerEpoch=List(BrokerState(brokerId=0, brokerEpoch=-1)), leaderRecoveryState=RECOVERED, partitionEpoch=0) (state.change.logger)
[2025-04-21 21:55:33,682] INFO [Controller id=0 epoch=6] Sending LeaderAndIsr request to broker 0 with 1 become-leader and 0 become-follower partitions (state.change.logger)
[2025-04-21 21:55:33,683] INFO [Controller id=0 epoch=6] Sending UpdateMetadata request to brokers HashSet(0) for 1 partitions (state.change.logger)
[2025-04-21 21:55:33,683] INFO [Controller id=0 epoch=6] Sending UpdateMetadata request to brokers HashSet() for 0 partitions (state.change.logger)
[2025-04-21 21:55:33,683] INFO [Broker id=0] Handling LeaderAndIsr request correlationId 3 from controller 0 for 1 partitions (state.change.logger)
[2025-04-21 21:55:33,684] INFO [Broker id=0] Stopped fetchers as part of LeaderAndIsr request correlationId 3 from controller 0 epoch 6 as part of the become-leader transition for 1 partitions (state.change.logger)
[2025-04-21 21:55:33,699] INFO [Broker id=0] Leader servicenow-product-specifications-0 with topic id Some(AZUcJG6ZQfahG_FQkhN-wQ) starts at leader epoch 0 from offset 0 with partition epoch 0, high watermark 0, ISR [0], adding replicas [] and removing replicas [] . Previous leader None and previous leader epoch was -1. (state.change.logger)
[2025-04-21 21:55:33,702] INFO [Broker id=0] Finished LeaderAndIsr request in 19ms correlationId 3 from controller 0 for 1 partitions (state.change.logger)
[2025-04-21 21:55:33,703] INFO [Broker id=0] Add 1 partitions and deleted 0 partitions from metadata cache in response to UpdateMetadata request sent by controller 0 epoch 6 with correlation id 4 (state.change.logger)
[2025-04-22 00:00:24,262] INFO [Controller id=0 epoch=6] Sending UpdateMetadata request to brokers HashSet() for 0 partitions (state.change.logger)
[2025-04-22 18:20:27,512] INFO [Controller id=0 epoch=7] Sending UpdateMetadata request to brokers HashSet(0) for 0 partitions (state.change.logger)
[2025-04-22 18:20:27,550] INFO [Controller id=0 epoch=7] Sending LeaderAndIsr request to broker 0 with 2 become-leader and 0 become-follower partitions (state.change.logger)
[2025-04-22 18:20:27,555] INFO [Controller id=0 epoch=7] Sending UpdateMetadata request to brokers HashSet(0) for 2 partitions (state.change.logger)
[2025-04-22 18:20:28,093] INFO [Broker id=0] Handling LeaderAndIsr request correlationId 1 from controller 0 for 2 partitions (state.change.logger)
[2025-04-22 18:20:28,110] INFO [Broker id=0] Stopped fetchers as part of LeaderAndIsr request correlationId 1 from controller 0 epoch 7 as part of the become-leader transition for 2 partitions (state.change.logger)
[2025-04-22 18:20:28,143] INFO [Broker id=0] Leader servicenow-product-specifications-0 with topic id Some(AZUcJG6ZQfahG_FQkhN-wQ) starts at leader epoch 0 from offset 26 with partition epoch 0, high watermark 26, ISR [0], adding replicas [] and removing replicas [] . Previous leader None and previous leader epoch was -1. (state.change.logger)
[2025-04-22 18:20:28,146] INFO [Broker id=0] Leader servicenow-product-offerings-0 with topic id Some(fagkXIdLTp2fQ5nm5F9HPA) starts at leader epoch 0 from offset 21 with partition epoch 0, high watermark 21, ISR [0], adding replicas [] and removing replicas [] . Previous leader None and previous leader epoch was -1. (state.change.logger)
[2025-04-22 18:20:28,161] INFO [Broker id=0] Finished LeaderAndIsr request in 69ms correlationId 1 from controller 0 for 2 partitions (state.change.logger)
[2025-04-22 18:20:28,171] INFO [Broker id=0] Add 2 partitions and deleted 0 partitions from metadata cache in response to UpdateMetadata request sent by controller 0 epoch 7 with correlation id 2 (state.change.logger)
[2025-04-22 18:56:29,241] INFO [Controller id=0 epoch=8] Sending UpdateMetadata request to brokers HashSet(0) for 0 partitions (state.change.logger)
[2025-04-22 18:56:29,257] INFO [Controller id=0 epoch=8] Sending LeaderAndIsr request to broker 0 with 2 become-leader and 0 become-follower partitions (state.change.logger)
[2025-04-22 18:56:29,260] INFO [Controller id=0 epoch=8] Sending UpdateMetadata request to brokers HashSet(0) for 2 partitions (state.change.logger)
[2025-04-22 18:56:29,269] INFO [Broker id=0] Handling LeaderAndIsr request correlationId 1 from controller 0 for 2 partitions (state.change.logger)
[2025-04-22 18:56:29,288] INFO [Broker id=0] Ignoring LeaderAndIsr request from controller 0 with correlation id 1 epoch 8 for partition servicenow-product-specifications-0 since its associated leader epoch 0 matches the current leader epoch (state.change.logger)
[2025-04-22 18:56:29,288] INFO [Broker id=0] Ignoring LeaderAndIsr request from controller 0 with correlation id 1 epoch 8 for partition servicenow-product-offerings-0 since its associated leader epoch 0 matches the current leader epoch (state.change.logger)
[2025-04-22 18:56:29,295] INFO [Broker id=0] Finished LeaderAndIsr request in 26ms correlationId 1 from controller 0 for 2 partitions (state.change.logger)
[2025-04-22 18:56:29,303] INFO [Broker id=0] Add 2 partitions and deleted 0 partitions from metadata cache in response to UpdateMetadata request sent by controller 0 epoch 8 with correlation id 2 (state.change.logger)
[2025-04-22 19:21:56,202] INFO [Controller id=0 epoch=9] Sending UpdateMetadata request to brokers HashSet(0) for 0 partitions (state.change.logger)
[2025-04-22 19:21:56,202] INFO [Controller id=0 epoch=9] Sending LeaderAndIsr request to broker 0 with 2 become-leader and 0 become-follower partitions (state.change.logger)
[2025-04-22 19:21:56,202] INFO [Controller id=0 epoch=9] Sending UpdateMetadata request to brokers HashSet(0) for 2 partitions (state.change.logger)
[2025-04-22 19:21:56,212] INFO [Broker id=0] Handling LeaderAndIsr request correlationId 1 from controller 0 for 2 partitions (state.change.logger)
[2025-04-22 19:21:56,212] INFO [Broker id=0] Ignoring LeaderAndIsr request from controller 0 with correlation id 1 epoch 9 for partition servicenow-product-specifications-0 since its associated leader epoch 0 matches the current leader epoch (state.change.logger)
[2025-04-22 19:21:56,212] INFO [Broker id=0] Ignoring LeaderAndIsr request from controller 0 with correlation id 1 epoch 9 for partition servicenow-product-offerings-0 since its associated leader epoch 0 matches the current leader epoch (state.change.logger)
[2025-04-22 19:21:56,212] INFO [Broker id=0] Finished LeaderAndIsr request in 0ms correlationId 1 from controller 0 for 2 partitions (state.change.logger)
[2025-04-22 19:21:56,220] INFO [Broker id=0] Add 2 partitions and deleted 0 partitions from metadata cache in response to UpdateMetadata request sent by controller 0 epoch 9 with correlation id 2 (state.change.logger)
[2025-04-22 20:13:16,019] INFO [Controller id=0 epoch=10] Sending UpdateMetadata request to brokers HashSet(0) for 0 partitions (state.change.logger)
[2025-04-22 20:13:16,045] INFO [Controller id=0 epoch=10] Sending LeaderAndIsr request to broker 0 with 2 become-leader and 0 become-follower partitions (state.change.logger)
[2025-04-22 20:13:16,046] INFO [Controller id=0 epoch=10] Sending UpdateMetadata request to brokers HashSet(0) for 2 partitions (state.change.logger)
[2025-04-22 20:13:16,100] INFO [Broker id=0] Handling LeaderAndIsr request correlationId 1 from controller 0 for 2 partitions (state.change.logger)
[2025-04-22 20:13:16,104] INFO [Broker id=0] Ignoring LeaderAndIsr request from controller 0 with correlation id 1 epoch 10 for partition servicenow-product-specifications-0 since its associated leader epoch 0 matches the current leader epoch (state.change.logger)
[2025-04-22 20:13:16,104] INFO [Broker id=0] Ignoring LeaderAndIsr request from controller 0 with correlation id 1 epoch 10 for partition servicenow-product-offerings-0 since its associated leader epoch 0 matches the current leader epoch (state.change.logger)
[2025-04-22 20:13:16,106] INFO [Broker id=0] Finished LeaderAndIsr request in 6ms correlationId 1 from controller 0 for 2 partitions (state.change.logger)
[2025-04-22 20:13:16,115] INFO [Broker id=0] Add 2 partitions and deleted 0 partitions from metadata cache in response to UpdateMetadata request sent by controller 0 epoch 10 with correlation id 2 (state.change.logger)
[2025-04-22 20:23:43,730] INFO [Controller id=0 epoch=11] Sending UpdateMetadata request to brokers HashSet(0) for 0 partitions (state.change.logger)
[2025-04-22 20:23:43,730] INFO [Controller id=0 epoch=11] Sending LeaderAndIsr request to broker 0 with 2 become-leader and 0 become-follower partitions (state.change.logger)
[2025-04-22 20:23:43,731] INFO [Controller id=0 epoch=11] Sending UpdateMetadata request to brokers HashSet(0) for 2 partitions (state.change.logger)
[2025-04-22 20:23:43,734] INFO [Broker id=0] Handling LeaderAndIsr request correlationId 1 from controller 0 for 2 partitions (state.change.logger)
[2025-04-22 20:23:43,734] INFO [Broker id=0] Ignoring LeaderAndIsr request from controller 0 with correlation id 1 epoch 11 for partition servicenow-product-specifications-0 since its associated leader epoch 0 matches the current leader epoch (state.change.logger)
[2025-04-22 20:23:43,735] INFO [Broker id=0] Ignoring LeaderAndIsr request from controller 0 with correlation id 1 epoch 11 for partition servicenow-product-offerings-0 since its associated leader epoch 0 matches the current leader epoch (state.change.logger)
[2025-04-22 20:23:43,735] INFO [Broker id=0] Finished LeaderAndIsr request in 1ms correlationId 1 from controller 0 for 2 partitions (state.change.logger)
[2025-04-22 20:23:43,736] INFO [Broker id=0] Add 2 partitions and deleted 0 partitions from metadata cache in response to UpdateMetadata request sent by controller 0 epoch 11 with correlation id 2 (state.change.logger)
